<?xml version="1.0" encoding="UTF-8"?>
<coverage generated="1678711875709" clover="3.2.0">
  <project timestamp="1678711875709" name="All files">
    <metrics statements="53" coveredstatements="28" conditionals="2" coveredconditionals="0" methods="23" coveredmethods="7" elements="78" coveredelements="35" complexity="0" loc="53" ncloc="53" packages="7" files="10" classes="10"/>
    <package name="features.gallery">
      <metrics statements="29" coveredstatements="7" conditionals="2" coveredconditionals="0" methods="11" coveredmethods="0"/>
      <file name="selectors.ts" path="/Users/dummies/gallery_app/dnz_mobile_app/src/features/gallery/selectors.ts">
        <metrics statements="10" coveredstatements="4" conditionals="0" coveredconditionals="0" methods="5" coveredmethods="0"/>
        <line num="7" count="1" type="stmt"/>
        <line num="8" count="1" type="stmt"/>
        <line num="9" count="1" type="stmt"/>
        <line num="11" count="1" type="stmt"/>
        <line num="12" count="0" type="stmt"/>
        <line num="13" count="0" type="stmt"/>
        <line num="14" count="0" type="stmt"/>
        <line num="15" count="0" type="stmt"/>
        <line num="16" count="0" type="stmt"/>
        <line num="18" count="0" type="stmt"/>
      </file>
      <file name="services.ts" path="/Users/dummies/gallery_app/dnz_mobile_app/src/features/gallery/services.ts">
        <metrics statements="12" coveredstatements="0" conditionals="2" coveredconditionals="0" methods="4" coveredmethods="0"/>
        <line num="6" count="0" type="stmt"/>
        <line num="7" count="0" type="stmt"/>
        <line num="10" count="0" type="stmt"/>
        <line num="12" count="0" type="stmt"/>
        <line num="17" count="0" type="stmt"/>
        <line num="18" count="0" type="stmt"/>
        <line num="19" count="0" type="cond" truecount="0" falsecount="2"/>
        <line num="20" count="0" type="stmt"/>
        <line num="21" count="0" type="stmt"/>
        <line num="22" count="0" type="stmt"/>
        <line num="24" count="0" type="stmt"/>
        <line num="26" count="0" type="stmt"/>
      </file>
      <file name="slice.ts" path="/Users/dummies/gallery_app/dnz_mobile_app/src/features/gallery/slice.ts">
        <metrics statements="7" coveredstatements="3" conditionals="0" coveredconditionals="0" methods="2" coveredmethods="0"/>
        <line num="11" count="2" type="stmt"/>
        <line num="17" count="2" type="stmt"/>
        <line num="22" count="0" type="stmt"/>
        <line num="23" count="0" type="stmt"/>
        <line num="24" count="0" type="stmt"/>
        <line num="27" count="0" type="stmt"/>
        <line num="32" count="2" type="stmt"/>
      </file>
    </package>
    <package name="features.gallery.components.Photo">
      <metrics statements="2" coveredstatements="2" conditionals="0" coveredconditionals="0" methods="1" coveredmethods="1"/>
      <file name="Photo.tsx" path="/Users/dummies/gallery_app/dnz_mobile_app/src/features/gallery/components/Photo/Photo.tsx">
        <metrics statements="2" coveredstatements="2" conditionals="0" coveredconditionals="0" methods="1" coveredmethods="1"/>
        <line num="9" count="1" type="stmt"/>
        <line num="12" count="2" type="stmt"/>
      </file>
    </package>
    <package name="features.gallery.components.Photos">
      <metrics statements="4" coveredstatements="4" conditionals="0" coveredconditionals="0" methods="3" coveredmethods="1"/>
      <file name="Photos.tsx" path="/Users/dummies/gallery_app/dnz_mobile_app/src/features/gallery/components/Photos/Photos.tsx">
        <metrics statements="4" coveredstatements="4" conditionals="0" coveredconditionals="0" methods="3" coveredmethods="1"/>
        <line num="9" count="2" type="stmt"/>
        <line num="11" count="2" type="stmt"/>
        <line num="14" count="1" type="stmt"/>
        <line num="25" count="2" type="stmt"/>
      </file>
    </package>
    <package name="features.gallery.components.Photos.PhotoItem">
      <metrics statements="4" coveredstatements="3" conditionals="0" coveredconditionals="0" methods="2" coveredmethods="1"/>
      <file name="PhotoItem.tsx" path="/Users/dummies/gallery_app/dnz_mobile_app/src/features/gallery/components/Photos/PhotoItem/PhotoItem.tsx">
        <metrics statements="4" coveredstatements="3" conditionals="0" coveredconditionals="0" methods="2" coveredmethods="1"/>
        <line num="10" count="1" type="stmt"/>
        <line num="11" count="0" type="stmt"/>
        <line num="14" count="1" type="stmt"/>
        <line num="21" count="3" type="stmt"/>
      </file>
    </package>
    <package name="features.gallery.sagas">
      <metrics statements="10" coveredstatements="10" conditionals="0" coveredconditionals="0" methods="4" coveredmethods="4"/>
      <file name="onLoadPhotosList.ts" path="/Users/dummies/gallery_app/dnz_mobile_app/src/features/gallery/sagas/onLoadPhotosList.ts">
        <metrics statements="6" coveredstatements="6" conditionals="0" coveredconditionals="0" methods="2" coveredmethods="2"/>
        <line num="8" count="2" type="stmt"/>
        <line num="9" count="2" type="stmt"/>
        <line num="10" count="2" type="stmt"/>
        <line num="11" count="1" type="stmt"/>
        <line num="13" count="1" type="stmt"/>
        <line num="18" count="2" type="stmt"/>
      </file>
      <file name="onPhotoPress.ts" path="/Users/dummies/gallery_app/dnz_mobile_app/src/features/gallery/sagas/onPhotoPress.ts">
        <metrics statements="4" coveredstatements="4" conditionals="0" coveredconditionals="0" methods="2" coveredmethods="2"/>
        <line num="9" count="1" type="stmt"/>
        <line num="10" count="1" type="stmt"/>
        <line num="11" count="1" type="stmt"/>
        <line num="15" count="2" type="stmt"/>
      </file>
    </package>
    <package name="screens.Gallery">
      <metrics statements="2" coveredstatements="1" conditionals="0" coveredconditionals="0" methods="1" coveredmethods="0"/>
      <file name="Gallery.tsx" path="/Users/dummies/gallery_app/dnz_mobile_app/src/screens/Gallery/Gallery.tsx">
        <metrics statements="2" coveredstatements="1" conditionals="0" coveredconditionals="0" methods="1" coveredmethods="0"/>
        <line num="6" count="0" type="stmt"/>
        <line num="13" count="1" type="stmt"/>
      </file>
    </package>
    <package name="screens.Photo">
      <metrics statements="2" coveredstatements="1" conditionals="0" coveredconditionals="0" methods="1" coveredmethods="0"/>
      <file name="Photo.tsx" path="/Users/dummies/gallery_app/dnz_mobile_app/src/screens/Photo/Photo.tsx">
        <metrics statements="2" coveredstatements="1" conditionals="0" coveredconditionals="0" methods="1" coveredmethods="0"/>
        <line num="6" count="0" type="stmt"/>
        <line num="13" count="1" type="stmt"/>
      </file>
    </package>
  </project>
</coverage>
