{"/Users/dummies/gallery_app/dnz_mobile_app/src/features/gallery/selectors.ts": {"path":"/Users/dummies/gallery_app/dnz_mobile_app/src/features/gallery/selectors.ts","statementMap":{"0":{"start":{"line":7,"column":25},"end":{"line":7,"column":84}},"1":{"start":{"line":7,"column":68},"end":{"line":7,"column":84}},"2":{"start":{"line":8,"column":28},"end":{"line":8,"column":86}},"3":{"start":{"line":8,"column":65},"end":{"line":8,"column":86}},"4":{"start":{"line":9,"column":31},"end":{"line":9,"column":89}},"5":{"start":{"line":9,"column":62},"end":{"line":9,"column":89}},"6":{"start":{"line":11,"column":28},"end":{"line":19,"column":1}},"7":{"start":{"line":12,"column":20},"end":{"line":12,"column":39}},"8":{"start":{"line":13,"column":17},"end":{"line":13,"column":33}},"9":{"start":{"line":14,"column":20},"end":{"line":17,"column":4}},"10":{"start":{"line":15,"column":41},"end":{"line":15,"column":56}},"11":{"start":{"line":16,"column":4},"end":{"line":16,"column":80}},"12":{"start":{"line":18,"column":2},"end":{"line":18,"column":19}}},"fnMap":{"0":{"name":"(anonymous_0)","decl":{"start":{"line":7,"column":25},"end":{"line":7,"column":26}},"loc":{"start":{"line":7,"column":68},"end":{"line":7,"column":84}},"line":7},"1":{"name":"(anonymous_1)","decl":{"start":{"line":8,"column":28},"end":{"line":8,"column":29}},"loc":{"start":{"line":8,"column":65},"end":{"line":8,"column":86}},"line":8},"2":{"name":"(anonymous_2)","decl":{"start":{"line":9,"column":31},"end":{"line":9,"column":32}},"loc":{"start":{"line":9,"column":62},"end":{"line":9,"column":89}},"line":9},"3":{"name":"(anonymous_3)","decl":{"start":{"line":11,"column":28},"end":{"line":11,"column":29}},"loc":{"start":{"line":11,"column":54},"end":{"line":19,"column":1}},"line":11},"4":{"name":"(anonymous_4)","decl":{"start":{"line":14,"column":34},"end":{"line":14,"column":35}},"loc":{"start":{"line":14,"column":47},"end":{"line":17,"column":3}},"line":14}},"branchMap":{},"s":{"0":1,"1":0,"2":1,"3":0,"4":1,"5":0,"6":1,"7":0,"8":0,"9":0,"10":0,"11":0,"12":0},"f":{"0":0,"1":0,"2":0,"3":0,"4":0},"b":{},"_coverageSchema":"1a1c01bbd47fc00a2c39e90264f33305004495a9","hash":"9bf4792411c0c6ca12424f80a53358635b47ebc4"}
,"/Users/dummies/gallery_app/dnz_mobile_app/src/features/gallery/services.ts": {"path":"/Users/dummies/gallery_app/dnz_mobile_app/src/features/gallery/services.ts","statementMap":{"0":{"start":{"line":6,"column":2},"end":{"line":13,"column":3}},"1":{"start":{"line":7,"column":21},"end":{"line":9,"column":5}},"2":{"start":{"line":10,"column":4},"end":{"line":10,"column":38}},"3":{"start":{"line":12,"column":4},"end":{"line":12,"column":16}},"4":{"start":{"line":17,"column":2},"end":{"line":27,"column":3}},"5":{"start":{"line":18,"column":19},"end":{"line":18,"column":42}},"6":{"start":{"line":19,"column":22},"end":{"line":19,"column":65}},"7":{"start":{"line":19,"column":52},"end":{"line":19,"column":59}},"8":{"start":{"line":20,"column":17},"end":{"line":23,"column":10}},"9":{"start":{"line":21,"column":6},"end":{"line":21,"column":26}},"10":{"start":{"line":22,"column":6},"end":{"line":22,"column":17}},"11":{"start":{"line":24,"column":4},"end":{"line":24,"column":31}},"12":{"start":{"line":26,"column":4},"end":{"line":26,"column":16}}},"fnMap":{"0":{"name":"fetchPhotosList","decl":{"start":{"line":5,"column":15},"end":{"line":5,"column":30}},"loc":{"start":{"line":5,"column":55},"end":{"line":14,"column":1}},"line":5},"1":{"name":"loadPhotosList","decl":{"start":{"line":16,"column":22},"end":{"line":16,"column":36}},"loc":{"start":{"line":16,"column":66},"end":{"line":28,"column":1}},"line":16},"2":{"name":"(anonymous_2)","decl":{"start":{"line":19,"column":42},"end":{"line":19,"column":43}},"loc":{"start":{"line":19,"column":52},"end":{"line":19,"column":59}},"line":19},"3":{"name":"(anonymous_3)","decl":{"start":{"line":20,"column":31},"end":{"line":20,"column":32}},"loc":{"start":{"line":20,"column":76},"end":{"line":23,"column":5}},"line":20}},"branchMap":{"0":{"loc":{"start":{"line":19,"column":22},"end":{"line":19,"column":65}},"type":"cond-expr","locations":[{"start":{"line":19,"column":31},"end":{"line":19,"column":60}},{"start":{"line":19,"column":63},"end":{"line":19,"column":65}}],"line":19}},"s":{"0":0,"1":0,"2":0,"3":0,"4":0,"5":0,"6":0,"7":0,"8":0,"9":0,"10":0,"11":0,"12":0},"f":{"0":0,"1":0,"2":0,"3":0},"b":{"0":[0,0]},"_coverageSchema":"1a1c01bbd47fc00a2c39e90264f33305004495a9","hash":"9add4ca26040d2725dcd13134c8e85c80db4797b"}
,"/Users/dummies/gallery_app/dnz_mobile_app/src/features/gallery/slice.ts": {"path":"/Users/dummies/gallery_app/dnz_mobile_app/src/features/gallery/slice.ts","statementMap":{"0":{"start":{"line":11,"column":35},"end":{"line":15,"column":1}},"1":{"start":{"line":17,"column":14},"end":{"line":30,"column":2}},"2":{"start":{"line":22,"column":34},"end":{"line":22,"column":48}},"3":{"start":{"line":23,"column":6},"end":{"line":23,"column":34}},"4":{"start":{"line":24,"column":6},"end":{"line":24,"column":24}},"5":{"start":{"line":27,"column":6},"end":{"line":27,"column":45}},"6":{"start":{"line":32,"column":49},"end":{"line":32,"column":62}}},"fnMap":{"0":{"name":"(anonymous_0)","decl":{"start":{"line":21,"column":15},"end":{"line":21,"column":16}},"loc":{"start":{"line":21,"column":98},"end":{"line":25,"column":5}},"line":21},"1":{"name":"(anonymous_1)","decl":{"start":{"line":26,"column":24},"end":{"line":26,"column":25}},"loc":{"start":{"line":26,"column":66},"end":{"line":28,"column":5}},"line":26}},"branchMap":{},"s":{"0":2,"1":2,"2":0,"3":0,"4":0,"5":0,"6":2},"f":{"0":0,"1":0},"b":{},"_coverageSchema":"1a1c01bbd47fc00a2c39e90264f33305004495a9","hash":"981c1641f6f97551b8d170e60ca903b07103351c"}
,"/Users/dummies/gallery_app/dnz_mobile_app/src/features/gallery/components/Photo/Photo.tsx": {"path":"/Users/dummies/gallery_app/dnz_mobile_app/src/features/gallery/components/Photo/Photo.tsx","statementMap":{"0":{"start":{"line":9,"column":2},"end":{"line":9,"column":62}},"1":{"start":{"line":12,"column":15},"end":{"line":17,"column":2}}},"fnMap":{"0":{"name":"Photo","decl":{"start":{"line":8,"column":9},"end":{"line":8,"column":14}},"loc":{"start":{"line":8,"column":36},"end":{"line":10,"column":1}},"line":8}},"branchMap":{},"s":{"0":1,"1":2},"f":{"0":1},"b":{},"_coverageSchema":"1a1c01bbd47fc00a2c39e90264f33305004495a9","hash":"27a330643803d9f9bd847e23460d4d1990fa58bb"}
,"/Users/dummies/gallery_app/dnz_mobile_app/src/features/gallery/components/Photos/Photos.tsx": {"path":"/Users/dummies/gallery_app/dnz_mobile_app/src/features/gallery/components/Photos/Photos.tsx","statementMap":{"0":{"start":{"line":9,"column":19},"end":{"line":9,"column":75}},"1":{"start":{"line":9,"column":51},"end":{"line":9,"column":75}},"2":{"start":{"line":11,"column":24},"end":{"line":11,"column":63}},"3":{"start":{"line":11,"column":30},"end":{"line":11,"column":63}},"4":{"start":{"line":14,"column":2},"end":{"line":22,"column":4}},"5":{"start":{"line":25,"column":15},"end":{"line":34,"column":2}}},"fnMap":{"0":{"name":"(anonymous_0)","decl":{"start":{"line":9,"column":19},"end":{"line":9,"column":20}},"loc":{"start":{"line":9,"column":51},"end":{"line":9,"column":75}},"line":9},"1":{"name":"(anonymous_1)","decl":{"start":{"line":11,"column":24},"end":{"line":11,"column":25}},"loc":{"start":{"line":11,"column":30},"end":{"line":11,"column":63}},"line":11},"2":{"name":"Photos","decl":{"start":{"line":13,"column":9},"end":{"line":13,"column":15}},"loc":{"start":{"line":13,"column":39},"end":{"line":23,"column":1}},"line":13}},"branchMap":{},"s":{"0":2,"1":0,"2":2,"3":0,"4":1,"5":2},"f":{"0":0,"1":0,"2":1},"b":{},"_coverageSchema":"1a1c01bbd47fc00a2c39e90264f33305004495a9","hash":"47272428ffd811d5f7656bf4f4f488f7be501918"}
,"/Users/dummies/gallery_app/dnz_mobile_app/src/features/gallery/components/Photos/PhotoItem/PhotoItem.tsx": {"path":"/Users/dummies/gallery_app/dnz_mobile_app/src/features/gallery/components/Photos/PhotoItem/PhotoItem.tsx","statementMap":{"0":{"start":{"line":10,"column":27},"end":{"line":12,"column":3}},"1":{"start":{"line":11,"column":4},"end":{"line":11,"column":17}},"2":{"start":{"line":14,"column":2},"end":{"line":18,"column":4}},"3":{"start":{"line":21,"column":15},"end":{"line":26,"column":2}}},"fnMap":{"0":{"name":"PhotoItem","decl":{"start":{"line":9,"column":9},"end":{"line":9,"column":18}},"loc":{"start":{"line":9,"column":53},"end":{"line":19,"column":1}},"line":9},"1":{"name":"(anonymous_1)","decl":{"start":{"line":10,"column":27},"end":{"line":10,"column":28}},"loc":{"start":{"line":10,"column":33},"end":{"line":12,"column":3}},"line":10}},"branchMap":{},"s":{"0":1,"1":0,"2":1,"3":3},"f":{"0":1,"1":0},"b":{},"_coverageSchema":"1a1c01bbd47fc00a2c39e90264f33305004495a9","hash":"a7b56bc6f405e036a84f345d4302f17a11fb3694"}
,"/Users/dummies/gallery_app/dnz_mobile_app/src/features/gallery/sagas/onLoadPhotosList.ts": {"path":"/Users/dummies/gallery_app/dnz_mobile_app/src/features/gallery/sagas/onLoadPhotosList.ts","statementMap":{"0":{"start":{"line":8,"column":2},"end":{"line":8,"column":61}},"1":{"start":{"line":9,"column":2},"end":{"line":14,"column":3}},"2":{"start":{"line":10,"column":19},"end":{"line":10,"column":67}},"3":{"start":{"line":11,"column":4},"end":{"line":11,"column":33}},"4":{"start":{"line":13,"column":4},"end":{"line":13,"column":37}},"5":{"start":{"line":18,"column":2},"end":{"line":18,"column":61}}},"fnMap":{"0":{"name":"_onLoadPhotosList","decl":{"start":{"line":7,"column":17},"end":{"line":7,"column":34}},"loc":{"start":{"line":7,"column":37},"end":{"line":15,"column":1}},"line":7},"1":{"name":"watchOnLoadPhotosList","decl":{"start":{"line":17,"column":17},"end":{"line":17,"column":38}},"loc":{"start":{"line":17,"column":41},"end":{"line":19,"column":1}},"line":17}},"branchMap":{},"s":{"0":2,"1":2,"2":2,"3":1,"4":1,"5":2},"f":{"0":2,"1":2},"b":{},"_coverageSchema":"1a1c01bbd47fc00a2c39e90264f33305004495a9","hash":"b5d99a4c18d59d7339fc48b67e0227ee72b99c4f"}
,"/Users/dummies/gallery_app/dnz_mobile_app/src/features/gallery/sagas/onPhotoPress.ts": {"path":"/Users/dummies/gallery_app/dnz_mobile_app/src/features/gallery/sagas/onPhotoPress.ts","statementMap":{"0":{"start":{"line":9,"column":2},"end":{"line":9,"column":57}},"1":{"start":{"line":10,"column":2},"end":{"line":10,"column":41}},"2":{"start":{"line":11,"column":2},"end":{"line":11,"column":45}},"3":{"start":{"line":15,"column":2},"end":{"line":15,"column":53}}},"fnMap":{"0":{"name":"_onPhotoPress","decl":{"start":{"line":8,"column":17},"end":{"line":8,"column":30}},"loc":{"start":{"line":8,"column":67},"end":{"line":12,"column":1}},"line":8},"1":{"name":"watchOnPhotoPress","decl":{"start":{"line":14,"column":17},"end":{"line":14,"column":34}},"loc":{"start":{"line":14,"column":37},"end":{"line":16,"column":1}},"line":14}},"branchMap":{},"s":{"0":1,"1":1,"2":1,"3":2},"f":{"0":1,"1":2},"b":{},"_coverageSchema":"1a1c01bbd47fc00a2c39e90264f33305004495a9","hash":"083d6d031630783015396d1d914ff26847cbef86"}
,"/Users/dummies/gallery_app/dnz_mobile_app/src/screens/Gallery/Gallery.tsx": {"path":"/Users/dummies/gallery_app/dnz_mobile_app/src/screens/Gallery/Gallery.tsx","statementMap":{"0":{"start":{"line":6,"column":2},"end":{"line":10,"column":4}},"1":{"start":{"line":13,"column":15},"end":{"line":23,"column":2}}},"fnMap":{"0":{"name":"Gallery","decl":{"start":{"line":5,"column":9},"end":{"line":5,"column":16}},"loc":{"start":{"line":5,"column":19},"end":{"line":11,"column":1}},"line":5}},"branchMap":{},"s":{"0":0,"1":1},"f":{"0":0},"b":{},"_coverageSchema":"1a1c01bbd47fc00a2c39e90264f33305004495a9","hash":"8ba1580978fc1a77d1c4f47cfe60509624afcfde"}
,"/Users/dummies/gallery_app/dnz_mobile_app/src/screens/Photo/Photo.tsx": {"path":"/Users/dummies/gallery_app/dnz_mobile_app/src/screens/Photo/Photo.tsx","statementMap":{"0":{"start":{"line":6,"column":2},"end":{"line":10,"column":4}},"1":{"start":{"line":13,"column":15},"end":{"line":19,"column":2}}},"fnMap":{"0":{"name":"Photo","decl":{"start":{"line":5,"column":9},"end":{"line":5,"column":14}},"loc":{"start":{"line":5,"column":17},"end":{"line":11,"column":1}},"line":5}},"branchMap":{},"s":{"0":0,"1":1},"f":{"0":0},"b":{},"_coverageSchema":"1a1c01bbd47fc00a2c39e90264f33305004495a9","hash":"07b054f07b946cd7d6cd62f4fca3013835ac4d9b"}
}
