{"/Users/dummies/dnz_mobile_app/src/features/racers/selectors.ts": {"path":"/Users/dummies/dnz_mobile_app/src/features/racers/selectors.ts","statementMap":{"0":{"start":{"line":9,"column":32},"end":{"line":9,"column":91}},"1":{"start":{"line":9,"column":63},"end":{"line":9,"column":91}},"2":{"start":{"line":10,"column":37},"end":{"line":10,"column":99}},"3":{"start":{"line":10,"column":68},"end":{"line":10,"column":99}},"4":{"start":{"line":11,"column":24},"end":{"line":11,"column":75}},"5":{"start":{"line":11,"column":58},"end":{"line":11,"column":75}},"6":{"start":{"line":12,"column":29},"end":{"line":12,"column":85}},"7":{"start":{"line":12,"column":63},"end":{"line":12,"column":85}},"8":{"start":{"line":13,"column":26},"end":{"line":13,"column":82}},"9":{"start":{"line":13,"column":66},"end":{"line":13,"column":82}},"10":{"start":{"line":14,"column":35},"end":{"line":14,"column":102}},"11":{"start":{"line":14,"column":74},"end":{"line":14,"column":102}},"12":{"start":{"line":15,"column":30},"end":{"line":15,"column":89}},"13":{"start":{"line":15,"column":60},"end":{"line":15,"column":89}},"14":{"start":{"line":16,"column":28},"end":{"line":16,"column":71}},"15":{"start":{"line":16,"column":50},"end":{"line":16,"column":71}},"16":{"start":{"line":17,"column":29},"end":{"line":21,"column":1}},"17":{"start":{"line":18,"column":18},"end":{"line":18,"column":35}},"18":{"start":{"line":19,"column":36},"end":{"line":19,"column":53}},"19":{"start":{"line":20,"column":2},"end":{"line":20,"column":38}},"20":{"start":{"line":23,"column":30},"end":{"line":23,"column":103}},"21":{"start":{"line":23,"column":61},"end":{"line":23,"column":103}},"22":{"start":{"line":25,"column":39},"end":{"line":30,"column":1}},"23":{"start":{"line":26,"column":22},"end":{"line":26,"column":43}},"24":{"start":{"line":27,"column":21},"end":{"line":27,"column":41}},"25":{"start":{"line":28,"column":24},"end":{"line":28,"column":58}},"26":{"start":{"line":29,"column":2},"end":{"line":29,"column":104}},"27":{"start":{"line":32,"column":25},"end":{"line":35,"column":1}},"28":{"start":{"line":33,"column":18},"end":{"line":33,"column":35}},"29":{"start":{"line":34,"column":2},"end":{"line":34,"column":27}}},"fnMap":{"0":{"name":"(anonymous_0)","decl":{"start":{"line":9,"column":32},"end":{"line":9,"column":33}},"loc":{"start":{"line":9,"column":63},"end":{"line":9,"column":91}},"line":9},"1":{"name":"(anonymous_1)","decl":{"start":{"line":10,"column":37},"end":{"line":10,"column":38}},"loc":{"start":{"line":10,"column":68},"end":{"line":10,"column":99}},"line":10},"2":{"name":"(anonymous_2)","decl":{"start":{"line":11,"column":24},"end":{"line":11,"column":25}},"loc":{"start":{"line":11,"column":58},"end":{"line":11,"column":75}},"line":11},"3":{"name":"(anonymous_3)","decl":{"start":{"line":12,"column":29},"end":{"line":12,"column":30}},"loc":{"start":{"line":12,"column":63},"end":{"line":12,"column":85}},"line":12},"4":{"name":"(anonymous_4)","decl":{"start":{"line":13,"column":26},"end":{"line":13,"column":27}},"loc":{"start":{"line":13,"column":66},"end":{"line":13,"column":82}},"line":13},"5":{"name":"(anonymous_5)","decl":{"start":{"line":14,"column":35},"end":{"line":14,"column":36}},"loc":{"start":{"line":14,"column":74},"end":{"line":14,"column":102}},"line":14},"6":{"name":"(anonymous_6)","decl":{"start":{"line":15,"column":30},"end":{"line":15,"column":31}},"loc":{"start":{"line":15,"column":60},"end":{"line":15,"column":89}},"line":15},"7":{"name":"(anonymous_7)","decl":{"start":{"line":16,"column":28},"end":{"line":16,"column":29}},"loc":{"start":{"line":16,"column":50},"end":{"line":16,"column":71}},"line":16},"8":{"name":"(anonymous_8)","decl":{"start":{"line":17,"column":29},"end":{"line":17,"column":30}},"loc":{"start":{"line":17,"column":71},"end":{"line":21,"column":1}},"line":17},"9":{"name":"(anonymous_9)","decl":{"start":{"line":23,"column":30},"end":{"line":23,"column":31}},"loc":{"start":{"line":23,"column":61},"end":{"line":23,"column":103}},"line":23},"10":{"name":"(anonymous_10)","decl":{"start":{"line":25,"column":39},"end":{"line":25,"column":40}},"loc":{"start":{"line":25,"column":73},"end":{"line":30,"column":1}},"line":25},"11":{"name":"(anonymous_11)","decl":{"start":{"line":32,"column":25},"end":{"line":32,"column":26}},"loc":{"start":{"line":32,"column":77},"end":{"line":35,"column":1}},"line":32}},"branchMap":{"0":{"loc":{"start":{"line":29,"column":9},"end":{"line":29,"column":103}},"type":"cond-expr","locations":[{"start":{"line":29,"column":29},"end":{"line":29,"column":98}},{"start":{"line":29,"column":101},"end":{"line":29,"column":103}}],"line":29}},"s":{"0":1,"1":0,"2":1,"3":0,"4":1,"5":0,"6":1,"7":0,"8":1,"9":0,"10":1,"11":0,"12":1,"13":0,"14":1,"15":0,"16":1,"17":0,"18":0,"19":0,"20":1,"21":0,"22":1,"23":0,"24":0,"25":0,"26":0,"27":1,"28":0,"29":0},"f":{"0":0,"1":0,"2":0,"3":0,"4":0,"5":0,"6":0,"7":0,"8":0,"9":0,"10":0,"11":0},"b":{"0":[0,0]},"_coverageSchema":"1a1c01bbd47fc00a2c39e90264f33305004495a9","hash":"ff83c802951b8c3337306f30805bfc78bf38f27a"}
,"/Users/dummies/dnz_mobile_app/src/features/racers/services.ts": {"path":"/Users/dummies/dnz_mobile_app/src/features/racers/services.ts","statementMap":{"0":{"start":{"line":8,"column":2},"end":{"line":13,"column":3}},"1":{"start":{"line":9,"column":21},"end":{"line":9,"column":110}},"2":{"start":{"line":10,"column":4},"end":{"line":10,"column":52}},"3":{"start":{"line":12,"column":4},"end":{"line":12,"column":16}},"4":{"start":{"line":17,"column":2},"end":{"line":24,"column":3}},"5":{"start":{"line":18,"column":21},"end":{"line":20,"column":5}},"6":{"start":{"line":21,"column":4},"end":{"line":21,"column":48}},"7":{"start":{"line":23,"column":4},"end":{"line":23,"column":16}},"8":{"start":{"line":28,"column":2},"end":{"line":33,"column":3}},"9":{"start":{"line":29,"column":21},"end":{"line":29,"column":90}},"10":{"start":{"line":30,"column":4},"end":{"line":30,"column":55}},"11":{"start":{"line":32,"column":4},"end":{"line":32,"column":16}},"12":{"start":{"line":37,"column":2},"end":{"line":47,"column":3}},"13":{"start":{"line":38,"column":20},"end":{"line":38,"column":57}},"14":{"start":{"line":39,"column":23},"end":{"line":39,"column":86}},"15":{"start":{"line":39,"column":67},"end":{"line":39,"column":80}},"16":{"start":{"line":40,"column":17},"end":{"line":43,"column":10}},"17":{"start":{"line":41,"column":6},"end":{"line":41,"column":32}},"18":{"start":{"line":42,"column":6},"end":{"line":42,"column":17}},"19":{"start":{"line":44,"column":4},"end":{"line":44,"column":32}},"20":{"start":{"line":46,"column":4},"end":{"line":46,"column":16}},"21":{"start":{"line":51,"column":2},"end":{"line":55,"column":3}},"22":{"start":{"line":52,"column":4},"end":{"line":52,"column":47}},"23":{"start":{"line":54,"column":4},"end":{"line":54,"column":16}},"24":{"start":{"line":59,"column":2},"end":{"line":72,"column":3}},"25":{"start":{"line":60,"column":18},"end":{"line":60,"column":48}},"26":{"start":{"line":61,"column":22},"end":{"line":68,"column":10}},"27":{"start":{"line":62,"column":29},"end":{"line":67,"column":9}},"28":{"start":{"line":69,"column":4},"end":{"line":69,"column":21}},"29":{"start":{"line":71,"column":4},"end":{"line":71,"column":16}}},"fnMap":{"0":{"name":"fetchDriversData","decl":{"start":{"line":7,"column":15},"end":{"line":7,"column":31}},"loc":{"start":{"line":7,"column":86},"end":{"line":14,"column":1}},"line":7},"1":{"name":"fetchRacesData","decl":{"start":{"line":16,"column":15},"end":{"line":16,"column":29}},"loc":{"start":{"line":16,"column":64},"end":{"line":25,"column":1}},"line":16},"2":{"name":"fetchDriverInfoData","decl":{"start":{"line":27,"column":15},"end":{"line":27,"column":34}},"loc":{"start":{"line":27,"column":74},"end":{"line":34,"column":1}},"line":27},"3":{"name":"loadDriversData","decl":{"start":{"line":36,"column":22},"end":{"line":36,"column":37}},"loc":{"start":{"line":36,"column":103},"end":{"line":48,"column":1}},"line":36},"4":{"name":"(anonymous_4)","decl":{"start":{"line":39,"column":45},"end":{"line":39,"column":46}},"loc":{"start":{"line":39,"column":67},"end":{"line":39,"column":80}},"line":39},"5":{"name":"(anonymous_5)","decl":{"start":{"line":40,"column":32},"end":{"line":40,"column":33}},"loc":{"start":{"line":40,"column":78},"end":{"line":43,"column":5}},"line":40},"6":{"name":"loadDriverInfoData","decl":{"start":{"line":50,"column":22},"end":{"line":50,"column":40}},"loc":{"start":{"line":50,"column":80},"end":{"line":56,"column":1}},"line":50},"7":{"name":"loadDriverRacesData","decl":{"start":{"line":58,"column":22},"end":{"line":58,"column":41}},"loc":{"start":{"line":58,"column":81},"end":{"line":73,"column":1}},"line":58},"8":{"name":"(anonymous_8)","decl":{"start":{"line":62,"column":18},"end":{"line":62,"column":19}},"loc":{"start":{"line":62,"column":29},"end":{"line":67,"column":9}},"line":62}},"branchMap":{"0":{"loc":{"start":{"line":39,"column":23},"end":{"line":39,"column":86}},"type":"cond-expr","locations":[{"start":{"line":39,"column":33},"end":{"line":39,"column":81}},{"start":{"line":39,"column":84},"end":{"line":39,"column":86}}],"line":39},"1":{"loc":{"start":{"line":61,"column":22},"end":{"line":68,"column":10}},"type":"cond-expr","locations":[{"start":{"line":62,"column":8},"end":{"line":67,"column":11}},{"start":{"line":68,"column":8},"end":{"line":68,"column":10}}],"line":61}},"s":{"0":0,"1":0,"2":0,"3":0,"4":0,"5":0,"6":0,"7":0,"8":0,"9":0,"10":0,"11":0,"12":0,"13":0,"14":0,"15":0,"16":0,"17":0,"18":0,"19":0,"20":0,"21":0,"22":0,"23":0,"24":0,"25":0,"26":0,"27":0,"28":0,"29":0},"f":{"0":0,"1":0,"2":0,"3":0,"4":0,"5":0,"6":0,"7":0,"8":0},"b":{"0":[0,0],"1":[0,0]}}
,"/Users/dummies/dnz_mobile_app/src/features/racers/slice.ts": {"path":"/Users/dummies/dnz_mobile_app/src/features/racers/slice.ts","statementMap":{"0":{"start":{"line":17,"column":34},"end":{"line":26,"column":1}},"1":{"start":{"line":28,"column":14},"end":{"line":59,"column":2}},"2":{"start":{"line":33,"column":35},"end":{"line":33,"column":49}},"3":{"start":{"line":34,"column":6},"end":{"line":34,"column":43}},"4":{"start":{"line":35,"column":6},"end":{"line":35,"column":45}},"5":{"start":{"line":38,"column":6},"end":{"line":38,"column":46}},"6":{"start":{"line":41,"column":6},"end":{"line":41,"column":47}},"7":{"start":{"line":44,"column":6},"end":{"line":44,"column":39}},"8":{"start":{"line":47,"column":6},"end":{"line":47,"column":35}},"9":{"start":{"line":50,"column":6},"end":{"line":50,"column":23}},"10":{"start":{"line":53,"column":6},"end":{"line":53,"column":46}},"11":{"start":{"line":56,"column":6},"end":{"line":56,"column":49}},"12":{"start":{"line":70,"column":4},"end":{"line":70,"column":17}}},"fnMap":{"0":{"name":"(anonymous_0)","decl":{"start":{"line":32,"column":20},"end":{"line":32,"column":21}},"loc":{"start":{"line":32,"column":106},"end":{"line":36,"column":5}},"line":32},"1":{"name":"(anonymous_1)","decl":{"start":{"line":37,"column":25},"end":{"line":37,"column":26}},"loc":{"start":{"line":37,"column":71},"end":{"line":39,"column":5}},"line":37},"2":{"name":"(anonymous_2)","decl":{"start":{"line":40,"column":20},"end":{"line":40,"column":21}},"loc":{"start":{"line":40,"column":39},"end":{"line":42,"column":5}},"line":40},"3":{"name":"(anonymous_3)","decl":{"start":{"line":43,"column":18},"end":{"line":43,"column":19}},"loc":{"start":{"line":43,"column":37},"end":{"line":45,"column":5}},"line":43},"4":{"name":"(anonymous_4)","decl":{"start":{"line":46,"column":18},"end":{"line":46,"column":19}},"loc":{"start":{"line":46,"column":37},"end":{"line":48,"column":5}},"line":46},"5":{"name":"(anonymous_5)","decl":{"start":{"line":49,"column":25},"end":{"line":49,"column":26}},"loc":{"start":{"line":49,"column":44},"end":{"line":51,"column":5}},"line":49},"6":{"name":"(anonymous_6)","decl":{"start":{"line":52,"column":25},"end":{"line":52,"column":26}},"loc":{"start":{"line":52,"column":44},"end":{"line":54,"column":5}},"line":52},"7":{"name":"(anonymous_7)","decl":{"start":{"line":55,"column":28},"end":{"line":55,"column":29}},"loc":{"start":{"line":55,"column":47},"end":{"line":57,"column":5}},"line":55}},"branchMap":{},"s":{"0":0,"1":0,"2":0,"3":0,"4":0,"5":0,"6":0,"7":0,"8":0,"9":0,"10":0,"11":0,"12":0},"f":{"0":0,"1":0,"2":0,"3":0,"4":0,"5":0,"6":0,"7":0},"b":{}}
,"/Users/dummies/dnz_mobile_app/src/features/racers/components/DriverInfo/DriverInfo.tsx": {"path":"/Users/dummies/dnz_mobile_app/src/features/racers/components/DriverInfo/DriverInfo.tsx","statementMap":{"0":{"start":{"line":13,"column":26},"end":{"line":13,"column":42}},"1":{"start":{"line":15,"column":2},"end":{"line":26,"column":4}},"2":{"start":{"line":29,"column":15},"end":{"line":50,"column":2}}},"fnMap":{"0":{"name":"DriverInfo","decl":{"start":{"line":12,"column":9},"end":{"line":12,"column":19}},"loc":{"start":{"line":12,"column":82},"end":{"line":27,"column":1}},"line":12}},"branchMap":{},"s":{"0":1,"1":1,"2":1},"f":{"0":1},"b":{},"_coverageSchema":"1a1c01bbd47fc00a2c39e90264f33305004495a9","hash":"88c8a0c9775e4c48f71bd82de072e51043bcacec"}
,"/Users/dummies/dnz_mobile_app/src/features/racers/components/DriversList/DriversList.tsx": {"path":"/Users/dummies/dnz_mobile_app/src/features/racers/components/DriversList/DriversList.tsx","statementMap":{"0":{"start":{"line":10,"column":19},"end":{"line":10,"column":81}},"1":{"start":{"line":10,"column":51},"end":{"line":10,"column":81}},"2":{"start":{"line":12,"column":24},"end":{"line":12,"column":63}},"3":{"start":{"line":12,"column":30},"end":{"line":12,"column":63}},"4":{"start":{"line":15,"column":2},"end":{"line":23,"column":4}},"5":{"start":{"line":26,"column":15},"end":{"line":35,"column":2}}},"fnMap":{"0":{"name":"(anonymous_0)","decl":{"start":{"line":10,"column":19},"end":{"line":10,"column":20}},"loc":{"start":{"line":10,"column":51},"end":{"line":10,"column":81}},"line":10},"1":{"name":"(anonymous_1)","decl":{"start":{"line":12,"column":24},"end":{"line":12,"column":25}},"loc":{"start":{"line":12,"column":30},"end":{"line":12,"column":63}},"line":12},"2":{"name":"DriversList","decl":{"start":{"line":14,"column":9},"end":{"line":14,"column":20}},"loc":{"start":{"line":14,"column":55},"end":{"line":24,"column":1}},"line":14}},"branchMap":{},"s":{"0":1,"1":0,"2":1,"3":0,"4":1,"5":1},"f":{"0":0,"1":0,"2":1},"b":{},"_coverageSchema":"1a1c01bbd47fc00a2c39e90264f33305004495a9","hash":"1d0230461006ec3f2db4e87cefd8f1bb6bdd5948"}
,"/Users/dummies/dnz_mobile_app/src/features/racers/components/DriversList/DriverItem/DriverItem.tsx": {"path":"/Users/dummies/dnz_mobile_app/src/features/racers/components/DriversList/DriverItem/DriverItem.tsx","statementMap":{"0":{"start":{"line":14,"column":22},"end":{"line":14,"column":45}},"1":{"start":{"line":14,"column":28},"end":{"line":14,"column":45}},"2":{"start":{"line":15,"column":27},"end":{"line":15,"column":55}},"3":{"start":{"line":15,"column":33},"end":{"line":15,"column":55}},"4":{"start":{"line":17,"column":2},"end":{"line":40,"column":4}},"5":{"start":{"line":43,"column":15},"end":{"line":73,"column":2}}},"fnMap":{"0":{"name":"DriverItem","decl":{"start":{"line":13,"column":9},"end":{"line":13,"column":19}},"loc":{"start":{"line":13,"column":110},"end":{"line":41,"column":1}},"line":13},"1":{"name":"(anonymous_1)","decl":{"start":{"line":14,"column":22},"end":{"line":14,"column":23}},"loc":{"start":{"line":14,"column":28},"end":{"line":14,"column":45}},"line":14},"2":{"name":"(anonymous_2)","decl":{"start":{"line":15,"column":27},"end":{"line":15,"column":28}},"loc":{"start":{"line":15,"column":33},"end":{"line":15,"column":55}},"line":15}},"branchMap":{},"s":{"0":1,"1":0,"2":1,"3":0,"4":1,"5":2},"f":{"0":1,"1":0,"2":0},"b":{},"_coverageSchema":"1a1c01bbd47fc00a2c39e90264f33305004495a9","hash":"2c7a5aa7b9c6dc77b2ffe3838df47e5d175ab697"}
,"/Users/dummies/dnz_mobile_app/src/features/racers/components/RacesList/RaceItem.tsx": {"path":"/Users/dummies/dnz_mobile_app/src/features/racers/components/RacesList/RaceItem.tsx","statementMap":{"0":{"start":{"line":11,"column":49},"end":{"line":11,"column":53}},"1":{"start":{"line":12,"column":26},"end":{"line":12,"column":42}},"2":{"start":{"line":14,"column":2},"end":{"line":35,"column":4}},"3":{"start":{"line":38,"column":15},"end":{"line":68,"column":2}}},"fnMap":{"0":{"name":"RaceItem","decl":{"start":{"line":10,"column":9},"end":{"line":10,"column":17}},"loc":{"start":{"line":10,"column":43},"end":{"line":36,"column":1}},"line":10}},"branchMap":{},"s":{"0":1,"1":1,"2":1,"3":1},"f":{"0":1},"b":{},"_coverageSchema":"1a1c01bbd47fc00a2c39e90264f33305004495a9","hash":"2144b181912ae481854c591e63c2d405eb7e5c5e"}
,"/Users/dummies/dnz_mobile_app/src/features/racers/components/RacesList/RacesList.tsx": {"path":"/Users/dummies/dnz_mobile_app/src/features/racers/components/RacesList/RacesList.tsx","statementMap":{"0":{"start":{"line":13,"column":19},"end":{"line":13,"column":77}},"1":{"start":{"line":13,"column":53},"end":{"line":13,"column":77}},"2":{"start":{"line":15,"column":24},"end":{"line":15,"column":56}},"3":{"start":{"line":15,"column":30},"end":{"line":15,"column":56}},"4":{"start":{"line":18,"column":2},"end":{"line":30,"column":4}},"5":{"start":{"line":33,"column":32},"end":{"line":42,"column":2}}},"fnMap":{"0":{"name":"(anonymous_0)","decl":{"start":{"line":13,"column":19},"end":{"line":13,"column":20}},"loc":{"start":{"line":13,"column":53},"end":{"line":13,"column":77}},"line":13},"1":{"name":"(anonymous_1)","decl":{"start":{"line":15,"column":24},"end":{"line":15,"column":25}},"loc":{"start":{"line":15,"column":30},"end":{"line":15,"column":56}},"line":15},"2":{"name":"RacesList","decl":{"start":{"line":17,"column":9},"end":{"line":17,"column":18}},"loc":{"start":{"line":17,"column":85},"end":{"line":31,"column":1}},"line":17}},"branchMap":{"0":{"loc":{"start":{"line":18,"column":9},"end":{"line":30,"column":3}},"type":"cond-expr","locations":[{"start":{"line":19,"column":4},"end":{"line":19,"column":41}},{"start":{"line":20,"column":6},"end":{"line":30,"column":3}}],"line":18},"1":{"loc":{"start":{"line":20,"column":6},"end":{"line":30,"column":3}},"type":"cond-expr","locations":[{"start":{"line":21,"column":4},"end":{"line":21,"column":47}},{"start":{"line":23,"column":4},"end":{"line":29,"column":6}}],"line":20}},"s":{"0":0,"1":0,"2":0,"3":0,"4":0,"5":0},"f":{"0":0,"1":0,"2":0},"b":{"0":[0,0],"1":[0,0]}}
,"/Users/dummies/dnz_mobile_app/src/features/racers/sagas/initDataRequest.ts": {"path":"/Users/dummies/dnz_mobile_app/src/features/racers/sagas/initDataRequest.ts","statementMap":{"0":{"start":{"line":9,"column":2},"end":{"line":9,"column":60}},"1":{"start":{"line":10,"column":2},"end":{"line":16,"column":3}},"2":{"start":{"line":11,"column":24},"end":{"line":11,"column":105}},"3":{"start":{"line":12,"column":4},"end":{"line":12,"column":43}},"4":{"start":{"line":13,"column":4},"end":{"line":13,"column":50}},"5":{"start":{"line":15,"column":4},"end":{"line":15,"column":25}},"6":{"start":{"line":20,"column":2},"end":{"line":20,"column":59}}},"fnMap":{"0":{"name":"_initDataRequest","decl":{"start":{"line":8,"column":17},"end":{"line":8,"column":33}},"loc":{"start":{"line":8,"column":36},"end":{"line":17,"column":1}},"line":8},"1":{"name":"watchInitDataRequest","decl":{"start":{"line":19,"column":17},"end":{"line":19,"column":37}},"loc":{"start":{"line":19,"column":40},"end":{"line":21,"column":1}},"line":19}},"branchMap":{},"s":{"0":0,"1":0,"2":0,"3":0,"4":0,"5":0,"6":0},"f":{"0":0,"1":0},"b":{}}
,"/Users/dummies/dnz_mobile_app/src/features/racers/sagas/onDriverNamePress.ts": {"path":"/Users/dummies/dnz_mobile_app/src/features/racers/sagas/onDriverNamePress.ts","statementMap":{"0":{"start":{"line":8,"column":2},"end":{"line":8,"column":71}},"1":{"start":{"line":9,"column":2},"end":{"line":9,"column":51}},"2":{"start":{"line":10,"column":2},"end":{"line":10,"column":39}},"3":{"start":{"line":14,"column":2},"end":{"line":14,"column":63}}},"fnMap":{"0":{"name":"_onDriverNamePress","decl":{"start":{"line":7,"column":17},"end":{"line":7,"column":35}},"loc":{"start":{"line":7,"column":72},"end":{"line":11,"column":1}},"line":7},"1":{"name":"watchOnDriverNamePress","decl":{"start":{"line":13,"column":17},"end":{"line":13,"column":39}},"loc":{"start":{"line":13,"column":42},"end":{"line":15,"column":1}},"line":13}},"branchMap":{},"s":{"0":0,"1":0,"2":0,"3":0},"f":{"0":0,"1":0},"b":{}}
,"/Users/dummies/dnz_mobile_app/src/features/racers/sagas/onLoadDriverInfo.ts": {"path":"/Users/dummies/dnz_mobile_app/src/features/racers/sagas/onLoadDriverInfo.ts","statementMap":{"0":{"start":{"line":9,"column":2},"end":{"line":9,"column":70}},"1":{"start":{"line":10,"column":2},"end":{"line":15,"column":3}},"2":{"start":{"line":11,"column":35},"end":{"line":11,"column":81}},"3":{"start":{"line":12,"column":4},"end":{"line":12,"column":47}},"4":{"start":{"line":14,"column":4},"end":{"line":14,"column":25}},"5":{"start":{"line":19,"column":2},"end":{"line":19,"column":61}}},"fnMap":{"0":{"name":"_onLoadDriverInfo","decl":{"start":{"line":8,"column":17},"end":{"line":8,"column":34}},"loc":{"start":{"line":8,"column":71},"end":{"line":16,"column":1}},"line":8},"1":{"name":"watchOnLoadDriverInfo","decl":{"start":{"line":18,"column":17},"end":{"line":18,"column":38}},"loc":{"start":{"line":18,"column":41},"end":{"line":20,"column":1}},"line":18}},"branchMap":{},"s":{"0":0,"1":0,"2":0,"3":0,"4":0,"5":0},"f":{"0":0,"1":0},"b":{}}
,"/Users/dummies/dnz_mobile_app/src/features/racers/sagas/onNextPagePress.ts": {"path":"/Users/dummies/dnz_mobile_app/src/features/racers/sagas/onNextPagePress.ts","statementMap":{"0":{"start":{"line":7,"column":2},"end":{"line":7,"column":60}},"1":{"start":{"line":8,"column":36},"end":{"line":8,"column":64}},"2":{"start":{"line":9,"column":19},"end":{"line":9,"column":40}},"3":{"start":{"line":10,"column":2},"end":{"line":10,"column":38}},"4":{"start":{"line":12,"column":2},"end":{"line":12,"column":57}},"5":{"start":{"line":16,"column":2},"end":{"line":16,"column":59}}},"fnMap":{"0":{"name":"_onNextPagePress","decl":{"start":{"line":6,"column":17},"end":{"line":6,"column":33}},"loc":{"start":{"line":6,"column":36},"end":{"line":13,"column":1}},"line":6},"1":{"name":"watchOnNextPagePress","decl":{"start":{"line":15,"column":17},"end":{"line":15,"column":37}},"loc":{"start":{"line":15,"column":40},"end":{"line":17,"column":1}},"line":15}},"branchMap":{},"s":{"0":0,"1":0,"2":0,"3":0,"4":0,"5":0},"f":{"0":0,"1":0},"b":{}}
,"/Users/dummies/dnz_mobile_app/src/features/racers/sagas/onPrevPagePress.ts": {"path":"/Users/dummies/dnz_mobile_app/src/features/racers/sagas/onPrevPagePress.ts","statementMap":{"0":{"start":{"line":7,"column":4},"end":{"line":7,"column":62}},"1":{"start":{"line":8,"column":38},"end":{"line":8,"column":66}},"2":{"start":{"line":9,"column":4},"end":{"line":9,"column":40}},"3":{"start":{"line":9,"column":33},"end":{"line":9,"column":40}},"4":{"start":{"line":10,"column":33},"end":{"line":10,"column":81}},"5":{"start":{"line":11,"column":4},"end":{"line":11,"column":59}},"6":{"start":{"line":15,"column":4},"end":{"line":15,"column":60}}},"fnMap":{"0":{"name":"_onPrevPagePress","decl":{"start":{"line":6,"column":17},"end":{"line":6,"column":33}},"loc":{"start":{"line":6,"column":36},"end":{"line":12,"column":1}},"line":6},"1":{"name":"watchOnPrevPagePress","decl":{"start":{"line":14,"column":17},"end":{"line":14,"column":37}},"loc":{"start":{"line":14,"column":40},"end":{"line":16,"column":1}},"line":14}},"branchMap":{"0":{"loc":{"start":{"line":9,"column":4},"end":{"line":9,"column":40}},"type":"if","locations":[{"start":{"line":9,"column":4},"end":{"line":9,"column":40}},{"start":{},"end":{}}],"line":9}},"s":{"0":0,"1":0,"2":0,"3":0,"4":0,"5":0,"6":0},"f":{"0":0,"1":0},"b":{"0":[0,0]}}
,"/Users/dummies/dnz_mobile_app/src/features/racers/sagas/onRacesPress.ts": {"path":"/Users/dummies/dnz_mobile_app/src/features/racers/sagas/onRacesPress.ts","statementMap":{"0":{"start":{"line":12,"column":2},"end":{"line":12,"column":66}},"1":{"start":{"line":13,"column":29},"end":{"line":13,"column":65}},"2":{"start":{"line":14,"column":2},"end":{"line":14,"column":62}},"3":{"start":{"line":15,"column":2},"end":{"line":15,"column":39}},"4":{"start":{"line":16,"column":2},"end":{"line":23,"column":3}},"5":{"start":{"line":17,"column":4},"end":{"line":17,"column":45}},"6":{"start":{"line":18,"column":30},"end":{"line":18,"column":70}},"7":{"start":{"line":19,"column":4},"end":{"line":19,"column":35}},"8":{"start":{"line":21,"column":4},"end":{"line":21,"column":44}},"9":{"start":{"line":22,"column":4},"end":{"line":22,"column":32}},"10":{"start":{"line":24,"column":2},"end":{"line":24,"column":40}},"11":{"start":{"line":28,"column":2},"end":{"line":28,"column":53}}},"fnMap":{"0":{"name":"_onRacesPress","decl":{"start":{"line":11,"column":17},"end":{"line":11,"column":30}},"loc":{"start":{"line":11,"column":67},"end":{"line":25,"column":1}},"line":11},"1":{"name":"watchOnRacesPress","decl":{"start":{"line":27,"column":17},"end":{"line":27,"column":34}},"loc":{"start":{"line":27,"column":37},"end":{"line":29,"column":1}},"line":27}},"branchMap":{},"s":{"0":0,"1":0,"2":0,"3":0,"4":0,"5":0,"6":0,"7":0,"8":0,"9":0,"10":0,"11":0},"f":{"0":0,"1":0},"b":{}}
,"/Users/dummies/dnz_mobile_app/src/features/racers/sagas/onSelectDriversDataForCurrentPage.ts": {"path":"/Users/dummies/dnz_mobile_app/src/features/racers/sagas/onSelectDriversDataForCurrentPage.ts","statementMap":{"0":{"start":{"line":11,"column":2},"end":{"line":11,"column":87}},"1":{"start":{"line":12,"column":16},"end":{"line":12,"column":36}},"2":{"start":{"line":13,"column":24},"end":{"line":13,"column":39}},"3":{"start":{"line":14,"column":28},"end":{"line":14,"column":54}},"4":{"start":{"line":15,"column":2},"end":{"line":19,"column":3}},"5":{"start":{"line":16,"column":4},"end":{"line":16,"column":43}},"6":{"start":{"line":17,"column":24},"end":{"line":17,"column":102}},"7":{"start":{"line":18,"column":4},"end":{"line":18,"column":43}},"8":{"start":{"line":23,"column":2},"end":{"line":23,"column":94}}},"fnMap":{"0":{"name":"_onSelectDriversDataForCurrentPage","decl":{"start":{"line":10,"column":17},"end":{"line":10,"column":51}},"loc":{"start":{"line":10,"column":88},"end":{"line":20,"column":1}},"line":10},"1":{"name":"watchOnSelectDriversDataForCurrentPage","decl":{"start":{"line":22,"column":17},"end":{"line":22,"column":55}},"loc":{"start":{"line":22,"column":58},"end":{"line":24,"column":1}},"line":22}},"branchMap":{"0":{"loc":{"start":{"line":15,"column":2},"end":{"line":19,"column":3}},"type":"if","locations":[{"start":{"line":15,"column":2},"end":{"line":19,"column":3}},{"start":{},"end":{}}],"line":15}},"s":{"0":0,"1":0,"2":0,"3":0,"4":0,"5":0,"6":0,"7":0,"8":0},"f":{"0":0,"1":0},"b":{"0":[0,0]}}
,"/Users/dummies/dnz_mobile_app/src/hooks/hooks.ts": {"path":"/Users/dummies/dnz_mobile_app/src/hooks/hooks.ts","statementMap":{"0":{"start":{"line":4,"column":27},"end":{"line":8,"column":11}},"1":{"start":{"line":5,"column":2},"end":{"line":8,"column":11}},"2":{"start":{"line":6,"column":22},"end":{"line":6,"column":51}},"3":{"start":{"line":7,"column":4},"end":{"line":7,"column":100}}},"fnMap":{"0":{"name":"(anonymous_0)","decl":{"start":{"line":4,"column":27},"end":{"line":4,"column":28}},"loc":{"start":{"line":5,"column":2},"end":{"line":8,"column":11}},"line":5},"1":{"name":"(anonymous_1)","decl":{"start":{"line":5,"column":14},"end":{"line":5,"column":15}},"loc":{"start":{"line":5,"column":26},"end":{"line":8,"column":3}},"line":5}},"branchMap":{"0":{"loc":{"start":{"line":7,"column":4},"end":{"line":7,"column":99}},"type":"cond-expr","locations":[{"start":{"line":7,"column":16},"end":{"line":7,"column":42}},{"start":{"line":7,"column":45},"end":{"line":7,"column":99}}],"line":7}},"s":{"0":2,"1":2,"2":0,"3":0},"f":{"0":2,"1":0},"b":{"0":[0,0]},"_coverageSchema":"1a1c01bbd47fc00a2c39e90264f33305004495a9","hash":"b66752efc1aee0691d83b565413b1b9d92dda738"}
,"/Users/dummies/dnz_mobile_app/src/screens/DriverInfo.tsx": {"path":"/Users/dummies/dnz_mobile_app/src/screens/DriverInfo.tsx","statementMap":{"0":{"start":{"line":6,"column":2},"end":{"line":10,"column":4}},"1":{"start":{"line":13,"column":15},"end":{"line":18,"column":2}}},"fnMap":{"0":{"name":"DriverInfo","decl":{"start":{"line":5,"column":9},"end":{"line":5,"column":19}},"loc":{"start":{"line":5,"column":22},"end":{"line":11,"column":1}},"line":5}},"branchMap":{},"s":{"0":0,"1":0},"f":{"0":0},"b":{}}
,"/Users/dummies/dnz_mobile_app/src/screens/DriversTable/DriversTable.tsx": {"path":"/Users/dummies/dnz_mobile_app/src/screens/DriversTable/DriversTable.tsx","statementMap":{"0":{"start":{"line":13,"column":2},"end":{"line":18,"column":23}},"1":{"start":{"line":14,"column":4},"end":{"line":17,"column":7}},"2":{"start":{"line":15,"column":24},"end":{"line":15,"column":90}},"3":{"start":{"line":16,"column":25},"end":{"line":16,"column":73}},"4":{"start":{"line":20,"column":2},"end":{"line":25,"column":4}},"5":{"start":{"line":28,"column":15},"end":{"line":34,"column":2}}},"fnMap":{"0":{"name":"DriversTable","decl":{"start":{"line":12,"column":9},"end":{"line":12,"column":21}},"loc":{"start":{"line":12,"column":95},"end":{"line":26,"column":1}},"line":12},"1":{"name":"(anonymous_1)","decl":{"start":{"line":13,"column":12},"end":{"line":13,"column":13}},"loc":{"start":{"line":13,"column":18},"end":{"line":18,"column":3}},"line":13},"2":{"name":"(anonymous_2)","decl":{"start":{"line":15,"column":18},"end":{"line":15,"column":19}},"loc":{"start":{"line":15,"column":24},"end":{"line":15,"column":90}},"line":15},"3":{"name":"(anonymous_3)","decl":{"start":{"line":16,"column":19},"end":{"line":16,"column":20}},"loc":{"start":{"line":16,"column":25},"end":{"line":16,"column":73}},"line":16}},"branchMap":{"0":{"loc":{"start":{"line":15,"column":24},"end":{"line":15,"column":90}},"type":"binary-expr","locations":[{"start":{"line":15,"column":24},"end":{"line":15,"column":38}},{"start":{"line":15,"column":42},"end":{"line":15,"column":90}}],"line":15}},"s":{"0":0,"1":0,"2":0,"3":0,"4":0,"5":0},"f":{"0":0,"1":0,"2":0,"3":0},"b":{"0":[0,0]}}
,"/Users/dummies/dnz_mobile_app/src/screens/RacesTable/RacesTable.tsx": {"path":"/Users/dummies/dnz_mobile_app/src/screens/RacesTable/RacesTable.tsx","statementMap":{"0":{"start":{"line":13,"column":2},"end":{"line":17,"column":9}},"1":{"start":{"line":14,"column":4},"end":{"line":16,"column":7}},"2":{"start":{"line":15,"column":24},"end":{"line":15,"column":78}},"3":{"start":{"line":18,"column":19},"end":{"line":18,"column":32}},"4":{"start":{"line":19,"column":32},"end":{"line":22,"column":3}},"5":{"start":{"line":20,"column":4},"end":{"line":20,"column":33}},"6":{"start":{"line":21,"column":4},"end":{"line":21,"column":24}},"7":{"start":{"line":24,"column":2},"end":{"line":29,"column":4}},"8":{"start":{"line":32,"column":15},"end":{"line":38,"column":2}}},"fnMap":{"0":{"name":"RacesTable","decl":{"start":{"line":12,"column":9},"end":{"line":12,"column":19}},"loc":{"start":{"line":12,"column":71},"end":{"line":30,"column":1}},"line":12},"1":{"name":"(anonymous_1)","decl":{"start":{"line":13,"column":12},"end":{"line":13,"column":13}},"loc":{"start":{"line":13,"column":18},"end":{"line":17,"column":3}},"line":13},"2":{"name":"(anonymous_2)","decl":{"start":{"line":15,"column":18},"end":{"line":15,"column":19}},"loc":{"start":{"line":15,"column":24},"end":{"line":15,"column":78}},"line":15},"3":{"name":"(anonymous_3)","decl":{"start":{"line":19,"column":32},"end":{"line":19,"column":33}},"loc":{"start":{"line":19,"column":38},"end":{"line":22,"column":3}},"line":19}},"branchMap":{},"s":{"0":0,"1":0,"2":0,"3":0,"4":0,"5":0,"6":0,"7":0,"8":0},"f":{"0":0,"1":0,"2":0,"3":0},"b":{}}
}
