TN:
SF:src/features/racers/selectors.ts
FN:9,(anonymous_0)
FN:10,(anonymous_1)
FN:11,(anonymous_2)
FN:12,(anonymous_3)
FN:13,(anonymous_4)
FN:14,(anonymous_5)
FN:15,(anonymous_6)
FN:16,(anonymous_7)
FN:17,(anonymous_8)
FN:23,(anonymous_9)
FN:25,(anonymous_10)
FN:32,(anonymous_11)
FNF:12
FNH:0
FNDA:0,(anonymous_0)
FNDA:0,(anonymous_1)
FNDA:0,(anonymous_2)
FNDA:0,(anonymous_3)
FNDA:0,(anonymous_4)
FNDA:0,(anonymous_5)
FNDA:0,(anonymous_6)
FNDA:0,(anonymous_7)
FNDA:0,(anonymous_8)
FNDA:0,(anonymous_9)
FNDA:0,(anonymous_10)
FNDA:0,(anonymous_11)
DA:9,1
DA:10,1
DA:11,1
DA:12,1
DA:13,1
DA:14,1
DA:15,1
DA:16,1
DA:17,1
DA:18,0
DA:19,0
DA:20,0
DA:23,1
DA:25,1
DA:26,0
DA:27,0
DA:28,0
DA:29,0
DA:32,1
DA:33,0
DA:34,0
LF:21
LH:12
BRDA:29,0,0,0
BRDA:29,0,1,0
BRF:2
BRH:0
end_of_record
TN:
SF:src/features/racers/services.ts
FN:7,fetchDriversData
FN:16,fetchRacesData
FN:27,fetchDriverInfoData
FN:36,loadDriversData
FN:39,(anonymous_4)
FN:40,(anonymous_5)
FN:50,loadDriverInfoData
FN:58,loadDriverRacesData
FN:62,(anonymous_8)
FNF:9
FNH:0
FNDA:0,fetchDriversData
FNDA:0,fetchRacesData
FNDA:0,fetchDriverInfoData
FNDA:0,loadDriversData
FNDA:0,(anonymous_4)
FNDA:0,(anonymous_5)
FNDA:0,loadDriverInfoData
FNDA:0,loadDriverRacesData
FNDA:0,(anonymous_8)
DA:8,0
DA:9,0
DA:10,0
DA:12,0
DA:17,0
DA:18,0
DA:21,0
DA:23,0
DA:28,0
DA:29,0
DA:30,0
DA:32,0
DA:37,0
DA:38,0
DA:39,0
DA:40,0
DA:41,0
DA:42,0
DA:44,0
DA:46,0
DA:51,0
DA:52,0
DA:54,0
DA:59,0
DA:60,0
DA:61,0
DA:62,0
DA:69,0
DA:71,0
LF:29
LH:0
BRDA:39,0,0,0
BRDA:39,0,1,0
BRDA:61,1,0,0
BRDA:61,1,1,0
BRF:4
BRH:0
end_of_record
TN:
SF:src/features/racers/slice.ts
FN:32,(anonymous_0)
FN:37,(anonymous_1)
FN:40,(anonymous_2)
FN:43,(anonymous_3)
FN:46,(anonymous_4)
FN:49,(anonymous_5)
FN:52,(anonymous_6)
FN:55,(anonymous_7)
FNF:8
FNH:0
FNDA:0,(anonymous_0)
FNDA:0,(anonymous_1)
FNDA:0,(anonymous_2)
FNDA:0,(anonymous_3)
FNDA:0,(anonymous_4)
FNDA:0,(anonymous_5)
FNDA:0,(anonymous_6)
FNDA:0,(anonymous_7)
DA:17,0
DA:28,0
DA:33,0
DA:34,0
DA:35,0
DA:38,0
DA:41,0
DA:44,0
DA:47,0
DA:50,0
DA:53,0
DA:56,0
DA:70,0
LF:13
LH:0
BRF:0
BRH:0
end_of_record
TN:
SF:src/features/racers/components/DriverInfo/DriverInfo.tsx
FN:12,DriverInfo
FNF:1
FNH:1
FNDA:1,DriverInfo
DA:13,1
DA:15,1
DA:29,1
LF:3
LH:3
BRF:0
BRH:0
end_of_record
TN:
SF:src/features/racers/components/DriversList/DriversList.tsx
FN:10,(anonymous_0)
FN:12,(anonymous_1)
FN:14,DriversList
FNF:3
FNH:1
FNDA:0,(anonymous_0)
FNDA:0,(anonymous_1)
FNDA:1,DriversList
DA:10,1
DA:12,1
DA:15,1
DA:26,1
LF:4
LH:4
BRF:0
BRH:0
end_of_record
TN:
SF:src/features/racers/components/DriversList/DriverItem/DriverItem.tsx
FN:13,DriverItem
FN:14,(anonymous_1)
FN:15,(anonymous_2)
FNF:3
FNH:1
FNDA:1,DriverItem
FNDA:0,(anonymous_1)
FNDA:0,(anonymous_2)
DA:14,1
DA:15,1
DA:17,1
DA:43,2
LF:4
LH:4
BRF:0
BRH:0
end_of_record
TN:
SF:src/features/racers/components/RacesList/RaceItem.tsx
FN:10,RaceItem
FNF:1
FNH:1
FNDA:1,RaceItem
DA:11,1
DA:12,1
DA:14,1
DA:38,1
LF:4
LH:4
BRF:0
BRH:0
end_of_record
TN:
SF:src/features/racers/components/RacesList/RacesList.tsx
FN:13,(anonymous_0)
FN:15,(anonymous_1)
FN:17,RacesList
FNF:3
FNH:0
FNDA:0,(anonymous_0)
FNDA:0,(anonymous_1)
FNDA:0,RacesList
DA:13,0
DA:15,0
DA:18,0
DA:33,0
LF:4
LH:0
BRDA:18,0,0,0
BRDA:18,0,1,0
BRDA:20,1,0,0
BRDA:20,1,1,0
BRF:4
BRH:0
end_of_record
TN:
SF:src/features/racers/sagas/initDataRequest.ts
FN:8,_initDataRequest
FN:19,watchInitDataRequest
FNF:2
FNH:0
FNDA:0,_initDataRequest
FNDA:0,watchInitDataRequest
DA:9,0
DA:10,0
DA:11,0
DA:12,0
DA:13,0
DA:15,0
DA:20,0
LF:7
LH:0
BRF:0
BRH:0
end_of_record
TN:
SF:src/features/racers/sagas/onDriverNamePress.ts
FN:7,_onDriverNamePress
FN:13,watchOnDriverNamePress
FNF:2
FNH:0
FNDA:0,_onDriverNamePress
FNDA:0,watchOnDriverNamePress
DA:8,0
DA:9,0
DA:10,0
DA:14,0
LF:4
LH:0
BRF:0
BRH:0
end_of_record
TN:
SF:src/features/racers/sagas/onLoadDriverInfo.ts
FN:8,_onLoadDriverInfo
FN:18,watchOnLoadDriverInfo
FNF:2
FNH:0
FNDA:0,_onLoadDriverInfo
FNDA:0,watchOnLoadDriverInfo
DA:9,0
DA:10,0
DA:11,0
DA:12,0
DA:14,0
DA:19,0
LF:6
LH:0
BRF:0
BRH:0
end_of_record
TN:
SF:src/features/racers/sagas/onNextPagePress.ts
FN:6,_onNextPagePress
FN:15,watchOnNextPagePress
FNF:2
FNH:0
FNDA:0,_onNextPagePress
FNDA:0,watchOnNextPagePress
DA:7,0
DA:8,0
DA:9,0
DA:10,0
DA:12,0
DA:16,0
LF:6
LH:0
BRF:0
BRH:0
end_of_record
TN:
SF:src/features/racers/sagas/onPrevPagePress.ts
FN:6,_onPrevPagePress
FN:14,watchOnPrevPagePress
FNF:2
FNH:0
FNDA:0,_onPrevPagePress
FNDA:0,watchOnPrevPagePress
DA:7,0
DA:8,0
DA:9,0
DA:10,0
DA:11,0
DA:15,0
LF:6
LH:0
BRDA:9,0,0,0
BRDA:9,0,1,0
BRF:2
BRH:0
end_of_record
TN:
SF:src/features/racers/sagas/onRacesPress.ts
FN:11,_onRacesPress
FN:27,watchOnRacesPress
FNF:2
FNH:0
FNDA:0,_onRacesPress
FNDA:0,watchOnRacesPress
DA:12,0
DA:13,0
DA:14,0
DA:15,0
DA:16,0
DA:17,0
DA:18,0
DA:19,0
DA:21,0
DA:22,0
DA:24,0
DA:28,0
LF:12
LH:0
BRF:0
BRH:0
end_of_record
TN:
SF:src/features/racers/sagas/onSelectDriversDataForCurrentPage.ts
FN:10,_onSelectDriversDataForCurrentPage
FN:22,watchOnSelectDriversDataForCurrentPage
FNF:2
FNH:0
FNDA:0,_onSelectDriversDataForCurrentPage
FNDA:0,watchOnSelectDriversDataForCurrentPage
DA:11,0
DA:12,0
DA:13,0
DA:14,0
DA:15,0
DA:16,0
DA:17,0
DA:18,0
DA:23,0
LF:9
LH:0
BRDA:15,0,0,0
BRDA:15,0,1,0
BRF:2
BRH:0
end_of_record
TN:
SF:src/hooks/hooks.ts
FN:4,(anonymous_0)
FN:5,(anonymous_1)
FNF:2
FNH:1
FNDA:2,(anonymous_0)
FNDA:0,(anonymous_1)
DA:4,2
DA:5,2
DA:6,0
DA:7,0
LF:4
LH:2
BRDA:7,0,0,0
BRDA:7,0,1,0
BRF:2
BRH:0
end_of_record
TN:
SF:src/screens/DriverInfo.tsx
FN:5,DriverInfo
FNF:1
FNH:0
FNDA:0,DriverInfo
DA:6,0
DA:13,0
LF:2
LH:0
BRF:0
BRH:0
end_of_record
TN:
SF:src/screens/DriversTable/DriversTable.tsx
FN:12,DriversTable
FN:13,(anonymous_1)
FN:15,(anonymous_2)
FN:16,(anonymous_3)
FNF:4
FNH:0
FNDA:0,DriversTable
FNDA:0,(anonymous_1)
FNDA:0,(anonymous_2)
FNDA:0,(anonymous_3)
DA:13,0
DA:14,0
DA:15,0
DA:16,0
DA:20,0
DA:28,0
LF:6
LH:0
BRDA:15,0,0,0
BRDA:15,0,1,0
BRF:2
BRH:0
end_of_record
TN:
SF:src/screens/RacesTable/RacesTable.tsx
FN:12,RacesTable
FN:13,(anonymous_1)
FN:15,(anonymous_2)
FN:19,(anonymous_3)
FNF:4
FNH:0
FNDA:0,RacesTable
FNDA:0,(anonymous_1)
FNDA:0,(anonymous_2)
FNDA:0,(anonymous_3)
DA:13,0
DA:14,0
DA:15,0
DA:18,0
DA:19,0
DA:20,0
DA:21,0
DA:24,0
DA:32,0
LF:9
LH:0
BRF:0
BRH:0
end_of_record
