TN:
SF:src/features/gallery/selectors.ts
FN:7,(anonymous_0)
FN:8,(anonymous_1)
FN:9,(anonymous_2)
FN:11,(anonymous_3)
FN:14,(anonymous_4)
FNF:5
FNH:0
FNDA:0,(anonymous_0)
FNDA:0,(anonymous_1)
FNDA:0,(anonymous_2)
FNDA:0,(anonymous_3)
FNDA:0,(anonymous_4)
DA:7,1
DA:8,1
DA:9,1
DA:11,1
DA:12,0
DA:13,0
DA:14,0
DA:15,0
DA:16,0
DA:18,0
LF:10
LH:4
BRF:0
BRH:0
end_of_record
TN:
SF:src/features/gallery/services.ts
FN:5,fetchPhotosList
FN:16,loadPhotosList
FN:19,(anonymous_2)
FN:20,(anonymous_3)
FNF:4
FNH:0
FNDA:0,fetchPhotosList
FNDA:0,loadPhotosList
FNDA:0,(anonymous_2)
FNDA:0,(anonymous_3)
DA:6,0
DA:7,0
DA:10,0
DA:12,0
DA:17,0
DA:18,0
DA:19,0
DA:20,0
DA:21,0
DA:22,0
DA:24,0
DA:26,0
LF:12
LH:0
BRDA:19,0,0,0
BRDA:19,0,1,0
BRF:2
BRH:0
end_of_record
TN:
SF:src/features/gallery/slice.ts
FN:21,(anonymous_0)
FN:26,(anonymous_1)
FNF:2
FNH:0
FNDA:0,(anonymous_0)
FNDA:0,(anonymous_1)
DA:11,2
DA:17,2
DA:22,0
DA:23,0
DA:24,0
DA:27,0
DA:32,2
LF:7
LH:3
BRF:0
BRH:0
end_of_record
TN:
SF:src/features/gallery/components/Photo/Photo.tsx
FN:8,Photo
FNF:1
FNH:1
FNDA:1,Photo
DA:9,1
DA:12,2
LF:2
LH:2
BRF:0
BRH:0
end_of_record
TN:
SF:src/features/gallery/components/Photos/Photos.tsx
FN:9,(anonymous_0)
FN:11,(anonymous_1)
FN:13,Photos
FNF:3
FNH:1
FNDA:0,(anonymous_0)
FNDA:0,(anonymous_1)
FNDA:1,Photos
DA:9,2
DA:11,2
DA:14,1
DA:25,2
LF:4
LH:4
BRF:0
BRH:0
end_of_record
TN:
SF:src/features/gallery/components/Photos/PhotoItem/PhotoItem.tsx
FN:9,PhotoItem
FN:10,(anonymous_1)
FNF:2
FNH:1
FNDA:1,PhotoItem
FNDA:0,(anonymous_1)
DA:10,1
DA:11,0
DA:14,1
DA:21,3
LF:4
LH:3
BRF:0
BRH:0
end_of_record
TN:
SF:src/features/gallery/sagas/onLoadPhotosList.ts
FN:7,_onLoadPhotosList
FN:17,watchOnLoadPhotosList
FNF:2
FNH:2
FNDA:2,_onLoadPhotosList
FNDA:2,watchOnLoadPhotosList
DA:8,2
DA:9,2
DA:10,2
DA:11,1
DA:13,1
DA:18,2
LF:6
LH:6
BRF:0
BRH:0
end_of_record
TN:
SF:src/features/gallery/sagas/onPhotoPress.ts
FN:8,_onPhotoPress
FN:14,watchOnPhotoPress
FNF:2
FNH:2
FNDA:1,_onPhotoPress
FNDA:2,watchOnPhotoPress
DA:9,1
DA:10,1
DA:11,1
DA:15,2
LF:4
LH:4
BRF:0
BRH:0
end_of_record
TN:
SF:src/screens/Gallery/Gallery.tsx
FN:5,Gallery
FNF:1
FNH:0
FNDA:0,Gallery
DA:6,0
DA:13,1
LF:2
LH:1
BRF:0
BRH:0
end_of_record
TN:
SF:src/screens/Photo/Photo.tsx
FN:5,Photo
FNF:1
FNH:0
FNDA:0,Photo
DA:6,0
DA:13,1
LF:2
LH:1
BRF:0
BRH:0
end_of_record
